c:\vs-code\igclwrapper\igclwrapper\igclwrapper\x64\debug\igclwrapper.pch
c:\vs-code\igclwrapper\igclwrapper\igclwrapper\x64\debug\vc143.pdb
c:\vs-code\igclwrapper\igclwrapper\igclwrapper\x64\debug\vc143.idb
c:\vs-code\igclwrapper\igclwrapper\igclwrapper\x64\debug\pch.obj
c:\vs-code\igclwrapper\igclwrapper\igclwrapper\x64\debug\dllmain.obj
c:\vs-code\igclwrapper\igclwrapper\igclwrapper\x64\debug\igclwrapper_wrap.obj
c:\vs-code\igclwrapper\igclwrapper\igclwrapper\x64\debug\capiwrapper.obj
c:\vs-code\igclwrapper\igclwrapper\igclwrapper_wrap.cxx
c:\vs-code\igclwrapper\igclwrapper\x64\debug\igclwrapper.dll
c:\vs-code\igclwrapper\igclwrapper\x64\debug\igclwrapper.pdb
c:\vs-code\igclwrapper\igclwrapper\x64\debug\igclwrapper.lib
c:\vs-code\igclwrapper\igclwrapper\x64\debug\igclwrapper.exp
c:\vs-code\igclwrapper\igclwrapper\igclwrapper\x64\debug\igclwrapper.ilk
c:\vs-code\igclwrapper\igclwrapper\igclwrapper\x64\debug\igclwrapper.tlog\cl.command.1.tlog
c:\vs-code\igclwrapper\igclwrapper\igclwrapper\x64\debug\igclwrapper.tlog\cl.items.tlog
c:\vs-code\igclwrapper\igclwrapper\igclwrapper\x64\debug\igclwrapper.tlog\cl.read.1.tlog
c:\vs-code\igclwrapper\igclwrapper\igclwrapper\x64\debug\igclwrapper.tlog\cl.write.1.tlog
c:\vs-code\igclwrapper\igclwrapper\igclwrapper\x64\debug\igclwrapper.tlog\custombuild.command.1.tlog
c:\vs-code\igclwrapper\igclwrapper\igclwrapper\x64\debug\igclwrapper.tlog\custombuild.read.1.tlog
c:\vs-code\igclwrapper\igclwrapper\igclwrapper\x64\debug\igclwrapper.tlog\custombuild.write.1.tlog
c:\vs-code\igclwrapper\igclwrapper\igclwrapper\x64\debug\igclwrapper.tlog\link.command.1.tlog
c:\vs-code\igclwrapper\igclwrapper\igclwrapper\x64\debug\igclwrapper.tlog\link.read.1.tlog
c:\vs-code\igclwrapper\igclwrapper\igclwrapper\x64\debug\igclwrapper.tlog\link.secondary.1.tlog
c:\vs-code\igclwrapper\igclwrapper\igclwrapper\x64\debug\igclwrapper.tlog\link.write.1.tlog
